<?xml version="1.0" encoding="UTF-8"?>
<!-- Generated by org.testng.reporters.JUnitXMLReporter -->
<testsuite hostname="admin-PC" ignored="0" name="Test" tests="3" failures="2" timestamp="12 Sep 2020 06:42:05 GMT" time="46.263" errors="0">
  <testcase name="additionTest" time="0.039" classname="mavenDemo.mathsLogicTest"/>
  <testcase name="subtractionTest" time="0.003" classname="mavenDemo.mathsLogicTest">
    <failure type="java.lang.AssertionError" message="expected [5] but found [1]">
      <![CDATA[java.lang.AssertionError: expected [5] but found [1]
at mavenDemo.mathsLogicTest.subtractionTest(mathsLogicTest.java:22)
... Removed 40 stack frames]]>
    </failure>
  </testcase> <!-- subtractionTest -->
  <testcase name="test03" time="45.968" classname="mavenDemo.webLoginTest">
    <failure type="org.openqa.selenium.SessionNotCreatedException" message="session not created: This version of ChromeDriver only supports Chrome version 83
Build info: version: &amp;apos;3.141.59&amp;apos;, revision: &amp;apos;e82be7d358&amp;apos;, time: &amp;apos;2018-11-14T08:17:03&amp;apos;
System info: host: &amp;apos;ADMIN-PC&amp;apos;, ip: &amp;apos;192.168.0.104&amp;apos;, os.name: &amp;apos;Windows 7&amp;apos;, os.arch: &amp;apos;amd64&amp;apos;, os.version: &amp;apos;6.1&amp;apos;, java.version: &amp;apos;1.8.0_144&amp;apos;
Driver info: driver.version: ChromeDriver
remote stacktrace: Backtrace:
	Ordinal0 [0x01679563+2725219]
	Ordinal0 [0x01578551+1672529]
	Ordinal0 [0x01460359+525145]
	Ordinal0 [0x013F0B77+68471]
	Ordinal0 [0x013ED32C+54060]
	Ordinal0 [0x0140CC37+183351]
	Ordinal0 [0x0140CA3D+182845]
	Ordinal0 [0x0140A94B+174411]
	Ordinal0 [0x013F2528+75048]
	Ordinal0 [0x013F35A0+79264]
	Ordinal0 [0x013F3539+79161]
	Ordinal0 [0x0158D607+1758727]
	GetHandleVerifier [0x01796546+1050150]
	GetHandleVerifier [0x01796291+1049457]
	GetHandleVerifier [0x017A10D7+1094071]
	GetHandleVerifier [0x01796B46+1051686]
	Ordinal0 [0x01585B06+1727238]
	Ordinal0 [0x0158EB7B+1764219]
	Ordinal0 [0x0158ECE3+1764579]
	Ordinal0 [0x015A4C05+1854469]
	BaseThreadInitThunk [0x75EF343D+18]
	RtlInitializeExceptionChain [0x77E89812+99]
	RtlInitializeExceptionChain [0x77E897E5+54]
">
      <![CDATA[org.openqa.selenium.SessionNotCreatedException: session not created: This version of ChromeDriver only supports Chrome version 83
Build info: version: '3.141.59', revision: 'e82be7d358', time: '2018-11-14T08:17:03'
System info: host: 'ADMIN-PC', ip: '192.168.0.104', os.name: 'Windows 7', os.arch: 'amd64', os.version: '6.1', java.version: '1.8.0_144'
Driver info: driver.version: ChromeDriver
remote stacktrace: Backtrace:
Ordinal0 [0x01679563+2725219]
Ordinal0 [0x01578551+1672529]
Ordinal0 [0x01460359+525145]
Ordinal0 [0x013F0B77+68471]
Ordinal0 [0x013ED32C+54060]
Ordinal0 [0x0140CC37+183351]
Ordinal0 [0x0140CA3D+182845]
Ordinal0 [0x0140A94B+174411]
Ordinal0 [0x013F2528+75048]
Ordinal0 [0x013F35A0+79264]
Ordinal0 [0x013F3539+79161]
Ordinal0 [0x0158D607+1758727]
GetHandleVerifier [0x01796546+1050150]
GetHandleVerifier [0x01796291+1049457]
GetHandleVerifier [0x017A10D7+1094071]
GetHandleVerifier [0x01796B46+1051686]
Ordinal0 [0x01585B06+1727238]
Ordinal0 [0x0158EB7B+1764219]
Ordinal0 [0x0158ECE3+1764579]
Ordinal0 [0x015A4C05+1854469]
BaseThreadInitThunk [0x75EF343D+18]
RtlInitializeExceptionChain [0x77E89812+99]
RtlInitializeExceptionChain [0x77E897E5+54]

at org.openqa.selenium.remote.W3CHandshakeResponse.lambda$errorHandler$0(W3CHandshakeResponse.java:62)
at org.openqa.selenium.remote.HandshakeResponse.lambda$getResponseFunction$0(HandshakeResponse.java:30)
at org.openqa.selenium.remote.ProtocolHandshake.lambda$createSession$0(ProtocolHandshake.java:126)
at java.util.stream.ReferencePipeline$3$1.accept(ReferencePipeline.java:193)
at java.util.Spliterators$ArraySpliterator.tryAdvance(Spliterators.java:958)
at java.util.stream.ReferencePipeline.forEachWithCancel(ReferencePipeline.java:126)
at java.util.stream.AbstractPipeline.copyIntoWithCancel(AbstractPipeline.java:498)
at java.util.stream.AbstractPipeline.copyInto(AbstractPipeline.java:485)
at java.util.stream.AbstractPipeline.wrapAndCopyInto(AbstractPipeline.java:471)
at java.util.stream.FindOps$FindOp.evaluateSequential(FindOps.java:152)
at java.util.stream.AbstractPipeline.evaluate(AbstractPipeline.java:234)
at java.util.stream.ReferencePipeline.findFirst(ReferencePipeline.java:464)
at org.openqa.selenium.remote.ProtocolHandshake.createSession(ProtocolHandshake.java:128)
at org.openqa.selenium.remote.ProtocolHandshake.createSession(ProtocolHandshake.java:74)
at org.openqa.selenium.remote.HttpCommandExecutor.execute(HttpCommandExecutor.java:136)
at org.openqa.selenium.remote.service.DriverCommandExecutor.execute(DriverCommandExecutor.java:83)
at org.openqa.selenium.remote.RemoteWebDriver.execute(RemoteWebDriver.java:552)
at org.openqa.selenium.remote.RemoteWebDriver.startSession(RemoteWebDriver.java:213)
at org.openqa.selenium.remote.RemoteWebDriver.<init>(RemoteWebDriver.java:131)
at org.openqa.selenium.chrome.ChromeDriver.<init>(ChromeDriver.java:181)
at org.openqa.selenium.chrome.ChromeDriver.<init>(ChromeDriver.java:168)
at org.openqa.selenium.chrome.ChromeDriver.<init>(ChromeDriver.java:123)
at mavenDemo.webLogin.webLoginChrome(webLogin.java:10)
at mavenDemo.webLoginTest.test03(webLoginTest.java:14)
... Removed 38 stack frames]]>
    </failure>
  </testcase> <!-- test03 -->
</testsuite> <!-- Test -->
